[2019-07-14T15:03:48.648] [ERROR] default - { Error: ENOENT: no such file or directory, open '/home/wagnxx/wxx/pro/yd_pro/frontend_engineer/dist/views/books/pages/index.html'
  errno: -2,
  code: 'ENOENT',
  syscall: 'open',
  path: '/home/wagnxx/wxx/pro/yd_pro/frontend_engineer/dist/views/books/pages/index.html' }
[2019-07-14T15:04:07.306] [ERROR] default - { Error: ENOENT: no such file or directory, open '/home/wagnxx/wxx/pro/yd_pro/frontend_engineer/dist/views/books/layouts/layout.html'
    at Object.fs.openSync (fs.js:638:18)
    at Object.fs.readFileSync (fs.js:540:33)
    at Object.ret.load (/home/wagnxx/wxx/pro/yd_pro/frontend_engineer/node_modules/swig-templates/lib/loaders/filesystem.js:59:15)
    at exports.Swig.parseFile (/home/wagnxx/wxx/pro/yd_pro/frontend_engineer/node_modules/swig-templates/lib/swig.js:403:31)
    at getParents (/home/wagnxx/wxx/pro/yd_pro/frontend_engineer/node_modules/swig-templates/lib/swig.js:480:14)
    at exports.Swig.precompile (/home/wagnxx/wxx/pro/yd_pro/frontend_engineer/node_modules/swig-templates/lib/swig.js:527:19)
    at exports.Swig.compile (/home/wagnxx/wxx/pro/yd_pro/frontend_engineer/node_modules/swig-templates/lib/swig.js:651:16)
    at /home/wagnxx/wxx/pro/yd_pro/frontend_engineer/node_modules/swig-templates/lib/swig.js:729:27
    at tryToString (fs.js:499:3)
    at FSReqWrap.readFileAfterClose [as oncomplete] (fs.js:487:12)
  errno: -2,
  code: 'ENOENT',
  syscall: 'open',
  path: '/home/wagnxx/wxx/pro/yd_pro/frontend_engineer/dist/views/books/layouts/layout.html' }
